12656:M 03 Apr 11:15:17.795 # You requested maxclients of 10000 requiring at least 10032 max file descriptors.
12656:M 03 Apr 11:15:17.796 # Server can't set maximum open files to 10032 because of OS error: Operation not permitted.
12656:M 03 Apr 11:15:17.796 # Current maximum open files is 4096. maxclients has been reduced to 4064 to compensate for low ulimit. If you need higher maxclients increase 'ulimit -n'.
                _._                                                  
           _.-``__ ''-._                                             
      _.-``    `.  `_.  ''-._           Redis 3.2.12 (00000000/0) 64 bit
  .-`` .-```.  ```\/    _.,_ ''-._                                   
 (    '      ,       .-`  | `,    )     Running in standalone mode
 |`-._`-...-` __...-.``-._|'` _.-'|     Port: 6377
 |    `-._   `._    /     _.-'    |     PID: 12656
  `-._    `-._  `-./  _.-'    _.-'                                   
 |`-._`-._    `-.__.-'    _.-'_.-'|                                  
 |    `-._`-._        _.-'_.-'    |           http://redis.io        
  `-._    `-._`-.__.-'_.-'    _.-'                                   
 |`-._`-._    `-.__.-'    _.-'_.-'|                                  
 |    `-._`-._        _.-'_.-'    |                                  
  `-._    `-._`-.__.-'_.-'    _.-'                                   
      `-._    `-.__.-'    _.-'                                       
          `-._        _.-'                                           
              `-.__.-'                                               

12656:M 03 Apr 11:15:17.796 # WARNING: The TCP backlog setting of 511 cannot be enforced because /proc/sys/net/core/somaxconn is set to the lower value of 128.
12656:M 03 Apr 11:15:17.796 # Server started, Redis version 3.2.12
12656:M 03 Apr 11:15:17.796 # WARNING overcommit_memory is set to 0! Background save may fail under low memory condition. To fix this issue add 'vm.overcommit_memory = 1' to /etc/sysctl.conf and then reboot or run the command 'sysctl vm.overcommit_memory=1' for this to take effect.
12656:M 03 Apr 11:15:17.797 # WARNING you have Transparent Huge Pages (THP) support enabled in your kernel. This will create latency and memory usage issues with Redis. To fix this issue run the command 'echo never > /sys/kernel/mm/transparent_hugepage/enabled' as root, and add it to your /etc/rc.local in order to retain the setting after a reboot. Redis must be restarted after THP is disabled.
12656:M 03 Apr 11:15:17.797 * The server is now ready to accept connections on port 6377
12656:signal-handler (1585903392) Received SIGTERM scheduling shutdown...
12656:M 03 Apr 16:43:12.915 # User requested shutdown...
12656:M 03 Apr 16:43:12.915 # Redis is now ready to exit, bye bye...
